[2025-11-01T05:30:30.730+0000] {local_task_job_runner.py:120} INFO - ::group::Pre task execution logs
[2025-11-01T05:30:31.104+0000] {taskinstance.py:2076} INFO - Dependencies all met for dep_context=non-requeueable deps ti=<TaskInstance: codestats_to_postgres.fetch_user_snapshot scheduled__2025-10-31T14:05:00+00:00 [queued]>
[2025-11-01T05:30:31.228+0000] {taskinstance.py:2076} INFO - Dependencies all met for dep_context=requeueable deps ti=<TaskInstance: codestats_to_postgres.fetch_user_snapshot scheduled__2025-10-31T14:05:00+00:00 [queued]>
[2025-11-01T05:30:31.239+0000] {taskinstance.py:2306} INFO - Starting attempt 1 of 1
[2025-11-01T05:30:31.376+0000] {taskinstance.py:2330} INFO - Executing <Task(_PythonDecoratedOperator): fetch_user_snapshot> on 2025-10-31 14:05:00+00:00
[2025-11-01T05:30:31.703+0000] {logging_mixin.py:188} WARNING - /home/***/.local/lib/python3.12/site-packages/***/task/task_runner/standard_task_runner.py:61 DeprecationWarning: This process (pid=440) is multi-threaded, use of fork() may lead to deadlocks in the child.
[2025-11-01T05:30:31.714+0000] {standard_task_runner.py:90} INFO - Running: ['***', 'tasks', 'run', 'codestats_to_postgres', 'fetch_user_snapshot', 'scheduled__2025-10-31T14:05:00+00:00', '--job-id', '26', '--raw', '--subdir', 'DAGS_FOLDER/codestats_to_postgres.py', '--cfg-path', '/tmp/tmp6bew5qw9']
[2025-11-01T05:30:31.957+0000] {standard_task_runner.py:63} INFO - Started process 445 to run task
[2025-11-01T05:30:32.026+0000] {standard_task_runner.py:91} INFO - Job 26: Subtask fetch_user_snapshot
[2025-11-01T05:30:32.381+0000] {logging_mixin.py:188} WARNING - /home/***/.local/lib/python3.12/site-packages/***/settings.py:195 DeprecationWarning: The sql_alchemy_conn option in [core] has been moved to the sql_alchemy_conn option in [database] - the old setting has been used, but please update your config.
[2025-11-01T05:30:33.327+0000] {task_command.py:426} INFO - Running <TaskInstance: codestats_to_postgres.fetch_user_snapshot scheduled__2025-10-31T14:05:00+00:00 [running]> on host 617127ba1fb3
[2025-11-01T05:30:34.783+0000] {taskinstance.py:2648} INFO - Exporting env vars: AIRFLOW_CTX_DAG_OWNER='***' AIRFLOW_CTX_DAG_ID='codestats_to_postgres' AIRFLOW_CTX_TASK_ID='fetch_user_snapshot' AIRFLOW_CTX_EXECUTION_DATE='2025-10-31T14:05:00+00:00' AIRFLOW_CTX_TRY_NUMBER='1' AIRFLOW_CTX_DAG_RUN_ID='scheduled__2025-10-31T14:05:00+00:00'
[2025-11-01T05:30:34.879+0000] {taskinstance.py:430} INFO - ::endgroup::
[2025-11-01T05:30:35.695+0000] {taskinstance.py:441} INFO - ::group::Post task execution logs
[2025-11-01T05:30:35.829+0000] {taskinstance.py:2905} ERROR - Task failed with exception
Traceback (most recent call last):
  File "/home/airflow/.local/lib/python3.12/site-packages/urllib3/connection.py", line 198, in _new_conn
    sock = connection.create_connection(
           ^^^^^^^^^^^^^^^^^^^^^^^^^^^^^
  File "/home/airflow/.local/lib/python3.12/site-packages/urllib3/util/connection.py", line 60, in create_connection
    for res in socket.getaddrinfo(host, port, family, socket.SOCK_STREAM):
               ^^^^^^^^^^^^^^^^^^^^^^^^^^^^^^^^^^^^^^^^^^^^^^^^^^^^^^^^^^
  File "/usr/local/lib/python3.12/socket.py", line 963, in getaddrinfo
    for res in _socket.getaddrinfo(host, port, family, type, proto, flags):
               ^^^^^^^^^^^^^^^^^^^^^^^^^^^^^^^^^^^^^^^^^^^^^^^^^^^^^^^^^^^
socket.gaierror: [Errno -2] Name or service not known

The above exception was the direct cause of the following exception:

Traceback (most recent call last):
  File "/home/airflow/.local/lib/python3.12/site-packages/urllib3/connectionpool.py", line 793, in urlopen
    response = self._make_request(
               ^^^^^^^^^^^^^^^^^^^
  File "/home/airflow/.local/lib/python3.12/site-packages/urllib3/connectionpool.py", line 491, in _make_request
    raise new_e
  File "/home/airflow/.local/lib/python3.12/site-packages/urllib3/connectionpool.py", line 467, in _make_request
    self._validate_conn(conn)
  File "/home/airflow/.local/lib/python3.12/site-packages/urllib3/connectionpool.py", line 1099, in _validate_conn
    conn.connect()
  File "/home/airflow/.local/lib/python3.12/site-packages/urllib3/connection.py", line 616, in connect
    self.sock = sock = self._new_conn()
                       ^^^^^^^^^^^^^^^^
  File "/home/airflow/.local/lib/python3.12/site-packages/urllib3/connection.py", line 205, in _new_conn
    raise NameResolutionError(self.host, self, e) from e
urllib3.exceptions.NameResolutionError: <urllib3.connection.HTTPSConnection object at 0x7a26f293ef00>: Failed to resolve 'codestats.net' ([Errno -2] Name or service not known)

The above exception was the direct cause of the following exception:

Traceback (most recent call last):
  File "/home/airflow/.local/lib/python3.12/site-packages/requests/adapters.py", line 486, in send
    resp = conn.urlopen(
           ^^^^^^^^^^^^^
  File "/home/airflow/.local/lib/python3.12/site-packages/urllib3/connectionpool.py", line 847, in urlopen
    retries = retries.increment(
              ^^^^^^^^^^^^^^^^^^
  File "/home/airflow/.local/lib/python3.12/site-packages/urllib3/util/retry.py", line 515, in increment
    raise MaxRetryError(_pool, url, reason) from reason  # type: ignore[arg-type]
    ^^^^^^^^^^^^^^^^^^^^^^^^^^^^^^^^^^^^^^^^^^^^^^^^^^^
urllib3.exceptions.MaxRetryError: HTTPSConnectionPool(host='codestats.net', port=443): Max retries exceeded with url: /api/users/codeemo (Caused by NameResolutionError("<urllib3.connection.HTTPSConnection object at 0x7a26f293ef00>: Failed to resolve 'codestats.net' ([Errno -2] Name or service not known)"))

During handling of the above exception, another exception occurred:

Traceback (most recent call last):
  File "/home/airflow/.local/lib/python3.12/site-packages/airflow/models/taskinstance.py", line 465, in _execute_task
    result = _execute_callable(context=context, **execute_callable_kwargs)
             ^^^^^^^^^^^^^^^^^^^^^^^^^^^^^^^^^^^^^^^^^^^^^^^^^^^^^^^^^^^^^
  File "/home/airflow/.local/lib/python3.12/site-packages/airflow/models/taskinstance.py", line 432, in _execute_callable
    return execute_callable(context=context, **execute_callable_kwargs)
           ^^^^^^^^^^^^^^^^^^^^^^^^^^^^^^^^^^^^^^^^^^^^^^^^^^^^^^^^^^^^
  File "/home/airflow/.local/lib/python3.12/site-packages/airflow/models/baseoperator.py", line 400, in wrapper
    return func(self, *args, **kwargs)
           ^^^^^^^^^^^^^^^^^^^^^^^^^^^
  File "/home/airflow/.local/lib/python3.12/site-packages/airflow/decorators/base.py", line 265, in execute
    return_value = super().execute(context)
                   ^^^^^^^^^^^^^^^^^^^^^^^^
  File "/home/airflow/.local/lib/python3.12/site-packages/airflow/models/baseoperator.py", line 400, in wrapper
    return func(self, *args, **kwargs)
           ^^^^^^^^^^^^^^^^^^^^^^^^^^^
  File "/home/airflow/.local/lib/python3.12/site-packages/airflow/operators/python.py", line 235, in execute
    return_value = self.execute_callable()
                   ^^^^^^^^^^^^^^^^^^^^^^^
  File "/home/airflow/.local/lib/python3.12/site-packages/airflow/operators/python.py", line 252, in execute_callable
    return self.python_callable(*self.op_args, **self.op_kwargs)
           ^^^^^^^^^^^^^^^^^^^^^^^^^^^^^^^^^^^^^^^^^^^^^^^^^^^^^
  File "/opt/airflow/dags/codestats_to_postgres.py", line 30, in fetch_user_snapshot
    response = requests.get(
               ^^^^^^^^^^^^^
  File "/home/airflow/.local/lib/python3.12/site-packages/requests/api.py", line 73, in get
    return request("get", url, params=params, **kwargs)
           ^^^^^^^^^^^^^^^^^^^^^^^^^^^^^^^^^^^^^^^^^^^^
  File "/home/airflow/.local/lib/python3.12/site-packages/requests/api.py", line 59, in request
    return session.request(method=method, url=url, **kwargs)
           ^^^^^^^^^^^^^^^^^^^^^^^^^^^^^^^^^^^^^^^^^^^^^^^^^
  File "/home/airflow/.local/lib/python3.12/site-packages/requests/sessions.py", line 589, in request
    resp = self.send(prep, **send_kwargs)
           ^^^^^^^^^^^^^^^^^^^^^^^^^^^^^^
  File "/home/airflow/.local/lib/python3.12/site-packages/requests/sessions.py", line 703, in send
    r = adapter.send(request, **kwargs)
        ^^^^^^^^^^^^^^^^^^^^^^^^^^^^^^^
  File "/home/airflow/.local/lib/python3.12/site-packages/requests/adapters.py", line 519, in send
    raise ConnectionError(e, request=request)
requests.exceptions.ConnectionError: HTTPSConnectionPool(host='codestats.net', port=443): Max retries exceeded with url: /api/users/codeemo (Caused by NameResolutionError("<urllib3.connection.HTTPSConnection object at 0x7a26f293ef00>: Failed to resolve 'codestats.net' ([Errno -2] Name or service not known)"))
[2025-11-01T05:30:37.623+0000] {taskinstance.py:1206} INFO - Marking task as FAILED. dag_id=codestats_to_postgres, task_id=fetch_user_snapshot, run_id=scheduled__2025-10-31T14:05:00+00:00, execution_date=20251031T140500, start_date=20251101T053031, end_date=20251101T053037
[2025-11-01T05:30:37.962+0000] {standard_task_runner.py:110} ERROR - Failed to execute job 26 for task fetch_user_snapshot (HTTPSConnectionPool(host='codestats.net', port=443): Max retries exceeded with url: /api/users/codeemo (Caused by NameResolutionError("<urllib3.connection.HTTPSConnection object at 0x7a26f293ef00>: Failed to resolve 'codestats.net' ([Errno -2] Name or service not known)")); 445)
[2025-11-01T05:30:38.109+0000] {local_task_job_runner.py:240} INFO - Task exited with return code 1
[2025-11-01T05:30:38.402+0000] {taskinstance.py:3498} INFO - 0 downstream tasks scheduled from follow-on schedule check
[2025-11-01T05:30:38.532+0000] {local_task_job_runner.py:222} INFO - ::endgroup::
